<?xml version="1.0" encoding="UTF-8"?>
<!-- Generated by org.testng.reporters.JUnitXMLReporter -->
<testsuite hostname="DESKTOP-H84OQQP" ignored="1" name="Default test" tests="1" failures="0" timestamp="18 Jun 2019 21:34:31 GMT" time="0.065" errors="0">
  <testcase name="testMethodTwo" time="0.005" classname="com.class01.beforeAndAfterMethod"/>
  <testcase name="testMethodOne" time="0.0" classname="com.class01.beforeAndAfterMethod">
    <ignored/>
  </testcase> <!-- testMethodOne -->
</testsuite> <!-- Default test -->
