<?xml version="1.0" encoding="UTF-8"?>
<testng-results skipped="0" failed="0" ignored="1" total="2" passed="1">
  <reporter-output>
  </reporter-output>
  <suite name="Default suite" duration-ms="65" started-at="2019-06-18T21:34:31Z" finished-at="2019-06-18T21:34:31Z">
    <groups>
    </groups>
    <test name="Default test" duration-ms="65" started-at="2019-06-18T21:34:31Z" finished-at="2019-06-18T21:34:31Z">
      <class name="com.class01.beforeAndAfterMethod">
        <test-method status="PASS" signature="beforeMethod()[pri:0, instance:com.class01.beforeAndAfterMethod@51565ec2]" name="beforeMethod" is-config="true" duration-ms="12" started-at="2019-06-18T21:34:31Z" finished-at="2019-06-18T21:34:31Z">
          <reporter-output>
          </reporter-output>
        </test-method> <!-- beforeMethod -->
        <test-method status="PASS" signature="testMethodTwo()[pri:0, instance:com.class01.beforeAndAfterMethod@51565ec2]" name="testMethodTwo" duration-ms="5" started-at="2019-06-18T21:34:31Z" finished-at="2019-06-18T21:34:31Z">
          <reporter-output>
          </reporter-output>
        </test-method> <!-- testMethodTwo -->
        <test-method status="PASS" signature="afterMethod()[pri:0, instance:com.class01.beforeAndAfterMethod@51565ec2]" name="afterMethod" is-config="true" duration-ms="0" started-at="2019-06-18T21:34:31Z" finished-at="2019-06-18T21:34:31Z">
          <reporter-output>
          </reporter-output>
        </test-method> <!-- afterMethod -->
      </class> <!-- com.class01.beforeAndAfterMethod -->
    </test> <!-- Default test -->
  </suite> <!-- Default suite -->
</testng-results>
