<?xml version="1.0" encoding="UTF-8"?>
<!-- Generated by org.testng.reporters.JUnitXMLReporter -->
<testsuite hostname="DESKTOP-H84OQQP" ignored="2" name="test" tests="1" failures="1" timestamp="06 Jun 2019 01:33:03 GMT" time="0.047" errors="0">
  <testcase name="userOne" time="0.0" classname="com.class03.Task1">
    <failure type="java.lang.NullPointerException">
      <![CDATA[java.lang.NullPointerException
at com.class03.Task1.userOne(Task1.java:18)
... Removed 25 stack frames]]>
    </failure>
  </testcase> <!-- userOne -->
  <testcase name="userThree" time="0.0" classname="com.class03.Task1">
    <ignored/>
  </testcase> <!-- userThree -->
  <testcase name="userTwo" time="0.0" classname="com.class03.Task1">
    <ignored/>
  </testcase> <!-- userTwo -->
</testsuite> <!-- test -->
